android/app/build/intermediates/manifest_merge_blame_file/debug/manifest-merger-blame-debug-report.txt
1<?xml version="1.0" encoding="utf-8"?>
2<manifest xmlns:android="http://schemas.android.com/apk/res/android"
3    package="com.padelboard"
4    android:versionCode="1"
5    android:versionName="1.0.0" >
6
7    <uses-sdk
8        android:minSdkVersion="24"
9        android:targetSdkVersion="34" />
10
11    <!-- Permissions -->
12    <uses-permission android:name="android.permission.INTERNET" />
12-->src\main\AndroidManifest.xml:6:5-67
12-->src\main\AndroidManifest.xml:6:22-64
13    <uses-permission android:name="android.permission.ACCESS_WIFI_STATE" />
13-->src\main\AndroidManifest.xml:7:5-76
13-->src\main\AndroidManifest.xml:7:22-73
14    <uses-permission android:name="android.permission.ACCESS_NETWORK_STATE" />
14-->src\main\AndroidManifest.xml:8:5-79
14-->src\main\AndroidManifest.xml:8:22-76
15    <uses-permission android:name="android.permission.RECEIVE_BOOT_COMPLETED" />
15-->src\main\AndroidManifest.xml:9:5-81
15-->src\main\AndroidManifest.xml:9:22-78
16    <uses-permission android:name="android.permission.WAKE_LOCK" />
16-->src\main\AndroidManifest.xml:10:5-68
16-->src\main\AndroidManifest.xml:10:22-65
17    <uses-permission android:name="android.permission.FOREGROUND_SERVICE" />
17-->src\main\AndroidManifest.xml:11:5-77
17-->src\main\AndroidManifest.xml:11:22-74
18
19    <!-- Leanback (Android TV support) -->
20    <uses-feature
20-->src\main\AndroidManifest.xml:14:5-16:36
21        android:name="android.software.leanback"
21-->src\main\AndroidManifest.xml:15:9-49
22        android:required="false" />
22-->src\main\AndroidManifest.xml:16:9-33
23    <uses-feature
23-->src\main\AndroidManifest.xml:17:5-19:36
24        android:name="android.hardware.touchscreen"
24-->src\main\AndroidManifest.xml:18:9-52
25        android:required="false" />
25-->src\main\AndroidManifest.xml:19:9-33
26
27    <application
27-->src\main\AndroidManifest.xml:21:5-58:19
28        android:allowBackup="false"
28-->src\main\AndroidManifest.xml:22:9-36
29        android:debuggable="true"
30        android:extractNativeLibs="false"
31        android:icon="@mipmap/ic_launcher"
31-->src\main\AndroidManifest.xml:23:9-43
32        android:label="@string/app_name"
32-->src\main\AndroidManifest.xml:24:9-41
33        android:supportsRtl="true"
33-->src\main\AndroidManifest.xml:25:9-35
34        android:theme="@style/AppTheme" >
34-->src\main\AndroidManifest.xml:26:9-40
35
36        <!-- Main Activity as HOME Launcher -->
37        <activity
37-->src\main\AndroidManifest.xml:30:9-45:20
38            android:name="com.padelboard.MainActivity"
38-->src\main\AndroidManifest.xml:31:13-41
39            android:configChanges="orientation|screenSize|keyboardHidden"
39-->src\main\AndroidManifest.xml:35:13-74
40            android:excludeFromRecents="true"
40-->src\main\AndroidManifest.xml:36:13-46
41            android:exported="true"
41-->src\main\AndroidManifest.xml:32:13-36
42            android:launchMode="singleTask"
42-->src\main\AndroidManifest.xml:33:13-44
43            android:screenOrientation="landscape"
43-->src\main\AndroidManifest.xml:34:13-50
44            android:stateNotNeeded="true" >
44-->src\main\AndroidManifest.xml:37:13-42
45            <intent-filter>
45-->src\main\AndroidManifest.xml:38:13-44:29
46                <action android:name="android.intent.action.MAIN" />
46-->src\main\AndroidManifest.xml:39:17-69
46-->src\main\AndroidManifest.xml:39:25-66
47
48                <category android:name="android.intent.category.HOME" />
48-->src\main\AndroidManifest.xml:40:17-73
48-->src\main\AndroidManifest.xml:40:27-70
49                <category android:name="android.intent.category.DEFAULT" />
49-->src\main\AndroidManifest.xml:41:17-76
49-->src\main\AndroidManifest.xml:41:27-73
50                <category android:name="android.intent.category.LAUNCHER" />
50-->src\main\AndroidManifest.xml:42:17-77
50-->src\main\AndroidManifest.xml:42:27-74
51                <category android:name="android.intent.category.LEANBACK_LAUNCHER" />
51-->src\main\AndroidManifest.xml:43:17-86
51-->src\main\AndroidManifest.xml:43:27-83
52            </intent-filter>
53        </activity>
54
55        <!-- Boot Receiver -->
56        <receiver
56-->src\main\AndroidManifest.xml:48:9-56:20
57            android:name="com.padelboard.BootReceiver"
57-->src\main\AndroidManifest.xml:49:13-41
58            android:enabled="true"
58-->src\main\AndroidManifest.xml:50:13-35
59            android:exported="true" >
59-->src\main\AndroidManifest.xml:51:13-36
60            <intent-filter>
60-->src\main\AndroidManifest.xml:52:13-55:29
61                <action android:name="android.intent.action.BOOT_COMPLETED" />
61-->src\main\AndroidManifest.xml:53:17-79
61-->src\main\AndroidManifest.xml:53:25-76
62                <action android:name="android.intent.action.QUICKBOOT_POWERON" />
62-->src\main\AndroidManifest.xml:54:17-82
62-->src\main\AndroidManifest.xml:54:25-79
63            </intent-filter>
64        </receiver>
65    </application>
66
67</manifest>